Determining if the pthread_create exist failed with the following output:
Change Dir: /home/z/PSE/robo_tivseg_standalone_test/cmake-build-debug/CMakeFiles/CMakeTmp

Run Build Command(s):/usr/bin/make cmTC_bb7e0/fast 
/usr/bin/make -f CMakeFiles/cmTC_bb7e0.dir/build.make CMakeFiles/cmTC_bb7e0.dir/build
make[1]: Entering directory '/home/z/PSE/robo_tivseg_standalone_test/cmake-build-debug/CMakeFiles/CMakeTmp'
Building C object CMakeFiles/cmTC_bb7e0.dir/CheckSymbolExists.c.o
/usr/bin/cc    -o CMakeFiles/cmTC_bb7e0.dir/CheckSymbolExists.c.o   -c /home/z/PSE/robo_tivseg_standalone_test/cmake-build-debug/CMakeFiles/CMakeTmp/CheckSymbolExists.c
Linking C executable cmTC_bb7e0
/home/z/Downloads/clion-2019.1.4/bin/cmake/linux/bin/cmake -E cmake_link_script CMakeFiles/cmTC_bb7e0.dir/link.txt --verbose=1
/usr/bin/cc      CMakeFiles/cmTC_bb7e0.dir/CheckSymbolExists.c.o  -o cmTC_bb7e0 
CMakeFiles/cmTC_bb7e0.dir/CheckSymbolExists.c.o: In function `main':
CheckSymbolExists.c:(.text+0x16): undefined reference to `pthread_create'
collect2: error: ld returned 1 exit status
CMakeFiles/cmTC_bb7e0.dir/build.make:86: recipe for target 'cmTC_bb7e0' failed
make[1]: *** [cmTC_bb7e0] Error 1
make[1]: Leaving directory '/home/z/PSE/robo_tivseg_standalone_test/cmake-build-debug/CMakeFiles/CMakeTmp'
Makefile:121: recipe for target 'cmTC_bb7e0/fast' failed
make: *** [cmTC_bb7e0/fast] Error 2

File /home/z/PSE/robo_tivseg_standalone_test/cmake-build-debug/CMakeFiles/CMakeTmp/CheckSymbolExists.c:
/* */
#include <pthread.h>

int main(int argc, char** argv)
{
  (void)argv;
#ifndef pthread_create
  return ((int*)(&pthread_create))[argc];
#else
  (void)argc;
  return 0;
#endif
}

Determining if the function pthread_create exists in the pthreads failed with the following output:
Change Dir: /home/z/PSE/robo_tivseg_standalone_test/cmake-build-debug/CMakeFiles/CMakeTmp

Run Build Command(s):/usr/bin/make cmTC_1f929/fast 
/usr/bin/make -f CMakeFiles/cmTC_1f929.dir/build.make CMakeFiles/cmTC_1f929.dir/build
make[1]: Entering directory '/home/z/PSE/robo_tivseg_standalone_test/cmake-build-debug/CMakeFiles/CMakeTmp'
Building C object CMakeFiles/cmTC_1f929.dir/CheckFunctionExists.c.o
/usr/bin/cc   -DCHECK_FUNCTION_EXISTS=pthread_create   -o CMakeFiles/cmTC_1f929.dir/CheckFunctionExists.c.o   -c /home/z/Downloads/clion-2019.1.4/bin/cmake/linux/share/cmake-3.14/Modules/CheckFunctionExists.c
Linking C executable cmTC_1f929
/home/z/Downloads/clion-2019.1.4/bin/cmake/linux/bin/cmake -E cmake_link_script CMakeFiles/cmTC_1f929.dir/link.txt --verbose=1
/usr/bin/cc  -DCHECK_FUNCTION_EXISTS=pthread_create    CMakeFiles/cmTC_1f929.dir/CheckFunctionExists.c.o  -o cmTC_1f929 -lpthreads 
/usr/bin/ld: cannot find -lpthreads
collect2: error: ld returned 1 exit status
CMakeFiles/cmTC_1f929.dir/build.make:86: recipe for target 'cmTC_1f929' failed
make[1]: *** [cmTC_1f929] Error 1
make[1]: Leaving directory '/home/z/PSE/robo_tivseg_standalone_test/cmake-build-debug/CMakeFiles/CMakeTmp'
Makefile:121: recipe for target 'cmTC_1f929/fast' failed
make: *** [cmTC_1f929/fast] Error 2


